Terminales no usados en la gramática

    MENOS


La regla es inútil debido a los conflictos

   27 creacion_cuadros_nombre: ε


Estado 17 conflictos: 1 desplazamiento/reducción, 1 reducción/reducción


Gramática

    0 $accept: all $end

    1 all: zona_variables zona_recuadros zona_lineas inic_creacion_cuadros_nombre

    2 zona_variables: ε

    3 $@1: ε

    4 zona_variables: VARIABLES $@1 salto inic_definicion

    5 inic_definicion: ε
    6                | inic_definicion definicion

    7 $@2: ε

    8 definicion: TIPO IDENTIFICADORMINUSCULA ASIGNACION expr PUNTOYCOMA $@2 saltoOpcional

    9 $@3: ε

   10 definicion: TIPO secuencia_de_Identificadores PUNTOYCOMA $@3 saltoOpcional

   11 $@4: ε

   12 definicion: IDENTIFICADORMINUSCULA ASIGNACION expr PUNTOYCOMA $@4 saltoOpcional

   13 secuencia_de_Identificadores: IDENTIFICADORMINUSCULA
   14                             | IDENTIFICADORMINUSCULA COMA secuencia_de_Identificadores

   15 $@5: ε

   16 zona_recuadros: RECUADROS $@5 salto inic_definicion_recuadro

   17 inic_definicion_recuadro: ε
   18                         | inic_definicion_recuadro definicion_recuadro

   19 $@6: ε

   20 definicion_recuadro: IDENTIFICADORMAYUSCULA IGUAL '<' expr COMA expr COMA COLOR '>' $@6 salto

   21 $@7: ε

   22 zona_lineas: LINEAS $@7 salto inic_definicion_linea

   23 inic_definicion_linea: ε
   24                      | inic_definicion_linea IDENTIFICADORMAYUSCULA IGUAL '<' expr COMA ORIENTACION COMA COLOR '>' salto

   25 inic_creacion_cuadros_nombre: ε
   26                             | inic_creacion_cuadros_nombre creacion_cuadros_nombre

   27 creacion_cuadros_nombre: ε

   28 $@8: ε

   29 creacion_cuadros_nombre: CUADRO CADENA $@8 ':' salto inic_acciones_cuadros FINCUADRO salto

   30 inic_acciones_cuadros: ε
   31                      | acciones_cuadros inic_acciones_cuadros

   32 $@9: ε

   33 acciones_cuadros: PINTAR '(' IDENTIFICADORMAYUSCULA COMA expr COMA expr ')' $@9 salto

   34 $@10: ε

   35 acciones_cuadros: PINTAR '(' IDENTIFICADORMAYUSCULA COMA expr ')' $@10 salto

   36 $@11: ε

   37 acciones_cuadros: PAUSA '(' expr ')' $@11 salto

   38 $@12: ε

   39 acciones_cuadros: IDENTIFICADORMINUSCULA ASIGNACION expr $@12 salto

   40 $@13: ε

   41 acciones_cuadros: MENSAJE '(' CADENA ')' $@13 salto
   42                 | condicional saltoOpcional

   43 condicional: SI '(' logica ')' '{' acciones_cuadros '}'
   44            | SI '(' logica ')' '{' acciones_cuadros '}' SINO '{' acciones_cuadros '}'

   45 salto: SALTOLINEA
   46      | salto SALTOLINEA

   47 saltoOpcional: ε
   48              | salto

   49 expr: ENTERO
   50     | REAL
   51     | IDENTIFICADORMINUSCULA
   52     | expr '+' expr
   53     | expr '-' expr
   54     | expr '*' expr
   55     | expr '/' expr
   56     | expr DIV expr
   57     | expr '%' expr
   58     | '-' expr
   59     | '(' expr ')'

   60 logica: BOOL
   61       | logica AND logica
   62       | logica OR logica
   63       | NOT logica
   64       | expr DISTINTO expr
   65       | logica DISTINTO logica
   66       | expr IGUAL expr
   67       | logica IGUAL logica
   68       | expr MENORIGUAL expr
   69       | expr MAYOR expr
   70       | expr MAYORIGUAL expr
   71       | expr MENOR expr
   72       | '(' logica ')'


Terminales con las reglas donde aparecen

    $end (0) 0
    '%' (37) 57
    '(' (40) 33 35 37 41 43 44 59 72
    ')' (41) 33 35 37 41 43 44 59 72
    '*' (42) 54
    '+' (43) 52
    '-' (45) 53 58
    '/' (47) 55
    ':' (58) 29
    '<' (60) 20 24
    '>' (62) 20 24
    '{' (123) 43 44
    '}' (125) 43 44
    error (256)
    PINTAR (258) 33 35
    MENSAJE (259) 41
    PAUSA (260) 37
    ASIGNACION (261) 8 12 39
    IGUAL (262) 20 24 66 67
    VARIABLES (263) 4
    RECUADROS (264) 16
    LINEAS (265) 22
    DIV (266) 56
    MENOS (267)
    SALTOLINEA (268) 45 46
    PUNTOYCOMA (269) 8 10 12
    COMA (270) 14 20 24 33 35
    CUADRO (271) 29
    FINCUADRO (272) 29
    SI (273) 43 44
    SINO (274) 44
    IDENTIFICADORMINUSCULA <var> (275) 8 12 13 14 39 51
    IDENTIFICADORMAYUSCULA <var> (276) 20 24 33 35
    CADENA <var> (277) 29 41
    TIPO <var> (278) 8 10
    COLOR <var> (279) 20 24
    ORIENTACION <var> (280) 24
    ENTERO <c_entero> (281) 49
    REAL <c_real> (282) 50
    BOOL <c_bool> (283) 60
    OR (284) 62
    AND (285) 61
    DISTINTO (286) 64 65
    MENOR (287) 71
    MENORIGUAL (288) 68
    MAYORIGUAL (289) 70
    MAYOR (290) 69
    menos (291)
    NOT (292) 63
    IF (293)


No terminales con las reglas donde aparecen

    $accept (51)
        on left: 0
    all (52)
        on left: 1
        on right: 0
    zona_variables (53)
        on left: 2 4
        on right: 1
    $@1 (54)
        on left: 3
        on right: 4
    inic_definicion (55)
        on left: 5 6
        on right: 4 6
    definicion (56)
        on left: 8 10 12
        on right: 6
    $@2 (57)
        on left: 7
        on right: 8
    $@3 (58)
        on left: 9
        on right: 10
    $@4 (59)
        on left: 11
        on right: 12
    secuencia_de_Identificadores (60)
        on left: 13 14
        on right: 10 14
    zona_recuadros (61)
        on left: 16
        on right: 1
    $@5 (62)
        on left: 15
        on right: 16
    inic_definicion_recuadro (63)
        on left: 17 18
        on right: 16 18
    definicion_recuadro (64)
        on left: 20
        on right: 18
    $@6 (65)
        on left: 19
        on right: 20
    zona_lineas (66)
        on left: 22
        on right: 1
    $@7 (67)
        on left: 21
        on right: 22
    inic_definicion_linea (68)
        on left: 23 24
        on right: 22 24
    inic_creacion_cuadros_nombre (69)
        on left: 25 26
        on right: 1 26
    creacion_cuadros_nombre (70)
        on left: 27 29
        on right: 26
    $@8 (71)
        on left: 28
        on right: 29
    inic_acciones_cuadros (72)
        on left: 30 31
        on right: 29 31
    acciones_cuadros (73)
        on left: 33 35 37 39 41 42
        on right: 31 43 44
    $@9 (74)
        on left: 32
        on right: 33
    $@10 (75)
        on left: 34
        on right: 35
    $@11 (76)
        on left: 36
        on right: 37
    $@12 (77)
        on left: 38
        on right: 39
    $@13 (78)
        on left: 40
        on right: 41
    condicional (79)
        on left: 43 44
        on right: 42
    salto (80)
        on left: 45 46
        on right: 4 16 20 22 24 29 33 35 37 39 41 46 48
    saltoOpcional (81)
        on left: 47 48
        on right: 8 10 12 42
    expr <c_expresion> (82)
        on left: 49 50 51 52 53 54 55 56 57 58 59
        on right: 8 12 20 24 33 35 37 39 52 53 54 55 56 57 58 59 64 66 68 69 70 71
    logica <c_bool> (83)
        on left: 60 61 62 63 64 65 66 67 68 69 70 71 72
        on right: 43 44 61 62 63 65 67 72


Estado 0

    0 $accept: • all $end

    VARIABLES  desplazar e ir al estado 1

    $default  reduce usando la regla 2 (zona_variables)

    all             ir al estado 2
    zona_variables  ir al estado 3


Estado 1

    4 zona_variables: VARIABLES • $@1 salto inic_definicion

    $default  reduce usando la regla 3 ($@1)

    $@1  ir al estado 4


Estado 2

    0 $accept: all • $end

    $end  desplazar e ir al estado 5


Estado 3

    1 all: zona_variables • zona_recuadros zona_lineas inic_creacion_cuadros_nombre

    RECUADROS  desplazar e ir al estado 6

    zona_recuadros  ir al estado 7


Estado 4

    4 zona_variables: VARIABLES $@1 • salto inic_definicion

    SALTOLINEA  desplazar e ir al estado 8

    salto  ir al estado 9


Estado 5

    0 $accept: all $end •

    $default  aceptar


Estado 6

   16 zona_recuadros: RECUADROS • $@5 salto inic_definicion_recuadro

    $default  reduce usando la regla 15 ($@5)

    $@5  ir al estado 10


Estado 7

    1 all: zona_variables zona_recuadros • zona_lineas inic_creacion_cuadros_nombre

    LINEAS  desplazar e ir al estado 11

    zona_lineas  ir al estado 12


Estado 8

   45 salto: SALTOLINEA •

    $default  reduce usando la regla 45 (salto)


Estado 9

    4 zona_variables: VARIABLES $@1 salto • inic_definicion
   46 salto: salto • SALTOLINEA

    SALTOLINEA  desplazar e ir al estado 13

    $default  reduce usando la regla 5 (inic_definicion)

    inic_definicion  ir al estado 14


Estado 10

   16 zona_recuadros: RECUADROS $@5 • salto inic_definicion_recuadro

    SALTOLINEA  desplazar e ir al estado 8

    salto  ir al estado 15


Estado 11

   22 zona_lineas: LINEAS • $@7 salto inic_definicion_linea

    $default  reduce usando la regla 21 ($@7)

    $@7  ir al estado 16


Estado 12

    1 all: zona_variables zona_recuadros zona_lineas • inic_creacion_cuadros_nombre

    $default  reduce usando la regla 25 (inic_creacion_cuadros_nombre)

    inic_creacion_cuadros_nombre  ir al estado 17


Estado 13

   46 salto: salto SALTOLINEA •

    $default  reduce usando la regla 46 (salto)


Estado 14

    4 zona_variables: VARIABLES $@1 salto inic_definicion •
    6 inic_definicion: inic_definicion • definicion

    IDENTIFICADORMINUSCULA  desplazar e ir al estado 18
    TIPO                    desplazar e ir al estado 19

    $default  reduce usando la regla 4 (zona_variables)

    definicion  ir al estado 20


Estado 15

   16 zona_recuadros: RECUADROS $@5 salto • inic_definicion_recuadro
   46 salto: salto • SALTOLINEA

    SALTOLINEA  desplazar e ir al estado 13

    $default  reduce usando la regla 17 (inic_definicion_recuadro)

    inic_definicion_recuadro  ir al estado 21


Estado 16

   22 zona_lineas: LINEAS $@7 • salto inic_definicion_linea

    SALTOLINEA  desplazar e ir al estado 8

    salto  ir al estado 22


Estado 17

    1 all: zona_variables zona_recuadros zona_lineas inic_creacion_cuadros_nombre •
   26 inic_creacion_cuadros_nombre: inic_creacion_cuadros_nombre • creacion_cuadros_nombre

    CUADRO  desplazar e ir al estado 23

    $end      reduce usando la regla 1 (all)
    $end      [reduce usando la regla 27 (creacion_cuadros_nombre)]
    CUADRO    [reduce usando la regla 27 (creacion_cuadros_nombre)]
    $default  reduce usando la regla 1 (all)

    creacion_cuadros_nombre  ir al estado 24


Estado 18

   12 definicion: IDENTIFICADORMINUSCULA • ASIGNACION expr PUNTOYCOMA $@4 saltoOpcional

    ASIGNACION  desplazar e ir al estado 25


Estado 19

    8 definicion: TIPO • IDENTIFICADORMINUSCULA ASIGNACION expr PUNTOYCOMA $@2 saltoOpcional
   10           | TIPO • secuencia_de_Identificadores PUNTOYCOMA $@3 saltoOpcional

    IDENTIFICADORMINUSCULA  desplazar e ir al estado 26

    secuencia_de_Identificadores  ir al estado 27


Estado 20

    6 inic_definicion: inic_definicion definicion •

    $default  reduce usando la regla 6 (inic_definicion)


Estado 21

   16 zona_recuadros: RECUADROS $@5 salto inic_definicion_recuadro •
   18 inic_definicion_recuadro: inic_definicion_recuadro • definicion_recuadro

    IDENTIFICADORMAYUSCULA  desplazar e ir al estado 28

    $default  reduce usando la regla 16 (zona_recuadros)

    definicion_recuadro  ir al estado 29


Estado 22

   22 zona_lineas: LINEAS $@7 salto • inic_definicion_linea
   46 salto: salto • SALTOLINEA

    SALTOLINEA  desplazar e ir al estado 13

    $default  reduce usando la regla 23 (inic_definicion_linea)

    inic_definicion_linea  ir al estado 30


Estado 23

   29 creacion_cuadros_nombre: CUADRO • CADENA $@8 ':' salto inic_acciones_cuadros FINCUADRO salto

    CADENA  desplazar e ir al estado 31


Estado 24

   26 inic_creacion_cuadros_nombre: inic_creacion_cuadros_nombre creacion_cuadros_nombre •

    $default  reduce usando la regla 26 (inic_creacion_cuadros_nombre)


Estado 25

   12 definicion: IDENTIFICADORMINUSCULA ASIGNACION • expr PUNTOYCOMA $@4 saltoOpcional

    IDENTIFICADORMINUSCULA  desplazar e ir al estado 32
    ENTERO                  desplazar e ir al estado 33
    REAL                    desplazar e ir al estado 34
    '-'                     desplazar e ir al estado 35
    '('                     desplazar e ir al estado 36

    expr  ir al estado 37


Estado 26

    8 definicion: TIPO IDENTIFICADORMINUSCULA • ASIGNACION expr PUNTOYCOMA $@2 saltoOpcional
   13 secuencia_de_Identificadores: IDENTIFICADORMINUSCULA •
   14                             | IDENTIFICADORMINUSCULA • COMA secuencia_de_Identificadores

    ASIGNACION  desplazar e ir al estado 38
    COMA        desplazar e ir al estado 39

    $default  reduce usando la regla 13 (secuencia_de_Identificadores)


Estado 27

   10 definicion: TIPO secuencia_de_Identificadores • PUNTOYCOMA $@3 saltoOpcional

    PUNTOYCOMA  desplazar e ir al estado 40


Estado 28

   20 definicion_recuadro: IDENTIFICADORMAYUSCULA • IGUAL '<' expr COMA expr COMA COLOR '>' $@6 salto

    IGUAL  desplazar e ir al estado 41


Estado 29

   18 inic_definicion_recuadro: inic_definicion_recuadro definicion_recuadro •

    $default  reduce usando la regla 18 (inic_definicion_recuadro)


Estado 30

   22 zona_lineas: LINEAS $@7 salto inic_definicion_linea •
   24 inic_definicion_linea: inic_definicion_linea • IDENTIFICADORMAYUSCULA IGUAL '<' expr COMA ORIENTACION COMA COLOR '>' salto

    IDENTIFICADORMAYUSCULA  desplazar e ir al estado 42

    $default  reduce usando la regla 22 (zona_lineas)


Estado 31

   29 creacion_cuadros_nombre: CUADRO CADENA • $@8 ':' salto inic_acciones_cuadros FINCUADRO salto

    $default  reduce usando la regla 28 ($@8)

    $@8  ir al estado 43


Estado 32

   51 expr: IDENTIFICADORMINUSCULA •

    $default  reduce usando la regla 51 (expr)


Estado 33

   49 expr: ENTERO •

    $default  reduce usando la regla 49 (expr)


Estado 34

   50 expr: REAL •

    $default  reduce usando la regla 50 (expr)


Estado 35

   58 expr: '-' • expr

    IDENTIFICADORMINUSCULA  desplazar e ir al estado 32
    ENTERO                  desplazar e ir al estado 33
    REAL                    desplazar e ir al estado 34
    '-'                     desplazar e ir al estado 35
    '('                     desplazar e ir al estado 36

    expr  ir al estado 44


Estado 36

   59 expr: '(' • expr ')'

    IDENTIFICADORMINUSCULA  desplazar e ir al estado 32
    ENTERO                  desplazar e ir al estado 33
    REAL                    desplazar e ir al estado 34
    '-'                     desplazar e ir al estado 35
    '('                     desplazar e ir al estado 36

    expr  ir al estado 45


Estado 37

   12 definicion: IDENTIFICADORMINUSCULA ASIGNACION expr • PUNTOYCOMA $@4 saltoOpcional
   52 expr: expr • '+' expr
   53     | expr • '-' expr
   54     | expr • '*' expr
   55     | expr • '/' expr
   56     | expr • DIV expr
   57     | expr • '%' expr

    DIV         desplazar e ir al estado 46
    PUNTOYCOMA  desplazar e ir al estado 47
    '+'         desplazar e ir al estado 48
    '-'         desplazar e ir al estado 49
    '*'         desplazar e ir al estado 50
    '/'         desplazar e ir al estado 51
    '%'         desplazar e ir al estado 52


Estado 38

    8 definicion: TIPO IDENTIFICADORMINUSCULA ASIGNACION • expr PUNTOYCOMA $@2 saltoOpcional

    IDENTIFICADORMINUSCULA  desplazar e ir al estado 32
    ENTERO                  desplazar e ir al estado 33
    REAL                    desplazar e ir al estado 34
    '-'                     desplazar e ir al estado 35
    '('                     desplazar e ir al estado 36

    expr  ir al estado 53


Estado 39

   14 secuencia_de_Identificadores: IDENTIFICADORMINUSCULA COMA • secuencia_de_Identificadores

    IDENTIFICADORMINUSCULA  desplazar e ir al estado 54

    secuencia_de_Identificadores  ir al estado 55


Estado 40

   10 definicion: TIPO secuencia_de_Identificadores PUNTOYCOMA • $@3 saltoOpcional

    $default  reduce usando la regla 9 ($@3)

    $@3  ir al estado 56


Estado 41

   20 definicion_recuadro: IDENTIFICADORMAYUSCULA IGUAL • '<' expr COMA expr COMA COLOR '>' $@6 salto

    '<'  desplazar e ir al estado 57


Estado 42

   24 inic_definicion_linea: inic_definicion_linea IDENTIFICADORMAYUSCULA • IGUAL '<' expr COMA ORIENTACION COMA COLOR '>' salto

    IGUAL  desplazar e ir al estado 58


Estado 43

   29 creacion_cuadros_nombre: CUADRO CADENA $@8 • ':' salto inic_acciones_cuadros FINCUADRO salto

    ':'  desplazar e ir al estado 59


Estado 44

   52 expr: expr • '+' expr
   53     | expr • '-' expr
   54     | expr • '*' expr
   55     | expr • '/' expr
   56     | expr • DIV expr
   57     | expr • '%' expr
   58     | '-' expr •

    $default  reduce usando la regla 58 (expr)


Estado 45

   52 expr: expr • '+' expr
   53     | expr • '-' expr
   54     | expr • '*' expr
   55     | expr • '/' expr
   56     | expr • DIV expr
   57     | expr • '%' expr
   59     | '(' expr • ')'

    DIV  desplazar e ir al estado 46
    '+'  desplazar e ir al estado 48
    '-'  desplazar e ir al estado 49
    '*'  desplazar e ir al estado 50
    '/'  desplazar e ir al estado 51
    '%'  desplazar e ir al estado 52
    ')'  desplazar e ir al estado 60


Estado 46

   56 expr: expr DIV • expr

    IDENTIFICADORMINUSCULA  desplazar e ir al estado 32
    ENTERO                  desplazar e ir al estado 33
    REAL                    desplazar e ir al estado 34
    '-'                     desplazar e ir al estado 35
    '('                     desplazar e ir al estado 36

    expr  ir al estado 61


Estado 47

   12 definicion: IDENTIFICADORMINUSCULA ASIGNACION expr PUNTOYCOMA • $@4 saltoOpcional

    $default  reduce usando la regla 11 ($@4)

    $@4  ir al estado 62


Estado 48

   52 expr: expr '+' • expr

    IDENTIFICADORMINUSCULA  desplazar e ir al estado 32
    ENTERO                  desplazar e ir al estado 33
    REAL                    desplazar e ir al estado 34
    '-'                     desplazar e ir al estado 35
    '('                     desplazar e ir al estado 36

    expr  ir al estado 63


Estado 49

   53 expr: expr '-' • expr

    IDENTIFICADORMINUSCULA  desplazar e ir al estado 32
    ENTERO                  desplazar e ir al estado 33
    REAL                    desplazar e ir al estado 34
    '-'                     desplazar e ir al estado 35
    '('                     desplazar e ir al estado 36

    expr  ir al estado 64


Estado 50

   54 expr: expr '*' • expr

    IDENTIFICADORMINUSCULA  desplazar e ir al estado 32
    ENTERO                  desplazar e ir al estado 33
    REAL                    desplazar e ir al estado 34
    '-'                     desplazar e ir al estado 35
    '('                     desplazar e ir al estado 36

    expr  ir al estado 65


Estado 51

   55 expr: expr '/' • expr

    IDENTIFICADORMINUSCULA  desplazar e ir al estado 32
    ENTERO                  desplazar e ir al estado 33
    REAL                    desplazar e ir al estado 34
    '-'                     desplazar e ir al estado 35
    '('                     desplazar e ir al estado 36

    expr  ir al estado 66


Estado 52

   57 expr: expr '%' • expr

    IDENTIFICADORMINUSCULA  desplazar e ir al estado 32
    ENTERO                  desplazar e ir al estado 33
    REAL                    desplazar e ir al estado 34
    '-'                     desplazar e ir al estado 35
    '('                     desplazar e ir al estado 36

    expr  ir al estado 67


Estado 53

    8 definicion: TIPO IDENTIFICADORMINUSCULA ASIGNACION expr • PUNTOYCOMA $@2 saltoOpcional
   52 expr: expr • '+' expr
   53     | expr • '-' expr
   54     | expr • '*' expr
   55     | expr • '/' expr
   56     | expr • DIV expr
   57     | expr • '%' expr

    DIV         desplazar e ir al estado 46
    PUNTOYCOMA  desplazar e ir al estado 68
    '+'         desplazar e ir al estado 48
    '-'         desplazar e ir al estado 49
    '*'         desplazar e ir al estado 50
    '/'         desplazar e ir al estado 51
    '%'         desplazar e ir al estado 52


Estado 54

   13 secuencia_de_Identificadores: IDENTIFICADORMINUSCULA •
   14                             | IDENTIFICADORMINUSCULA • COMA secuencia_de_Identificadores

    COMA  desplazar e ir al estado 39

    $default  reduce usando la regla 13 (secuencia_de_Identificadores)


Estado 55

   14 secuencia_de_Identificadores: IDENTIFICADORMINUSCULA COMA secuencia_de_Identificadores •

    $default  reduce usando la regla 14 (secuencia_de_Identificadores)


Estado 56

   10 definicion: TIPO secuencia_de_Identificadores PUNTOYCOMA $@3 • saltoOpcional

    SALTOLINEA  desplazar e ir al estado 8

    $default  reduce usando la regla 47 (saltoOpcional)

    salto          ir al estado 69
    saltoOpcional  ir al estado 70


Estado 57

   20 definicion_recuadro: IDENTIFICADORMAYUSCULA IGUAL '<' • expr COMA expr COMA COLOR '>' $@6 salto

    IDENTIFICADORMINUSCULA  desplazar e ir al estado 32
    ENTERO                  desplazar e ir al estado 33
    REAL                    desplazar e ir al estado 34
    '-'                     desplazar e ir al estado 35
    '('                     desplazar e ir al estado 36

    expr  ir al estado 71


Estado 58

   24 inic_definicion_linea: inic_definicion_linea IDENTIFICADORMAYUSCULA IGUAL • '<' expr COMA ORIENTACION COMA COLOR '>' salto

    '<'  desplazar e ir al estado 72


Estado 59

   29 creacion_cuadros_nombre: CUADRO CADENA $@8 ':' • salto inic_acciones_cuadros FINCUADRO salto

    SALTOLINEA  desplazar e ir al estado 8

    salto  ir al estado 73


Estado 60

   59 expr: '(' expr ')' •

    $default  reduce usando la regla 59 (expr)


Estado 61

   52 expr: expr • '+' expr
   53     | expr • '-' expr
   54     | expr • '*' expr
   55     | expr • '/' expr
   56     | expr • DIV expr
   56     | expr DIV expr •
   57     | expr • '%' expr

    $default  reduce usando la regla 56 (expr)


Estado 62

   12 definicion: IDENTIFICADORMINUSCULA ASIGNACION expr PUNTOYCOMA $@4 • saltoOpcional

    SALTOLINEA  desplazar e ir al estado 8

    $default  reduce usando la regla 47 (saltoOpcional)

    salto          ir al estado 69
    saltoOpcional  ir al estado 74


Estado 63

   52 expr: expr • '+' expr
   52     | expr '+' expr •
   53     | expr • '-' expr
   54     | expr • '*' expr
   55     | expr • '/' expr
   56     | expr • DIV expr
   57     | expr • '%' expr

    DIV  desplazar e ir al estado 46
    '*'  desplazar e ir al estado 50
    '/'  desplazar e ir al estado 51
    '%'  desplazar e ir al estado 52

    $default  reduce usando la regla 52 (expr)


Estado 64

   52 expr: expr • '+' expr
   53     | expr • '-' expr
   53     | expr '-' expr •
   54     | expr • '*' expr
   55     | expr • '/' expr
   56     | expr • DIV expr
   57     | expr • '%' expr

    DIV  desplazar e ir al estado 46
    '*'  desplazar e ir al estado 50
    '/'  desplazar e ir al estado 51
    '%'  desplazar e ir al estado 52

    $default  reduce usando la regla 53 (expr)


Estado 65

   52 expr: expr • '+' expr
   53     | expr • '-' expr
   54     | expr • '*' expr
   54     | expr '*' expr •
   55     | expr • '/' expr
   56     | expr • DIV expr
   57     | expr • '%' expr

    $default  reduce usando la regla 54 (expr)


Estado 66

   52 expr: expr • '+' expr
   53     | expr • '-' expr
   54     | expr • '*' expr
   55     | expr • '/' expr
   55     | expr '/' expr •
   56     | expr • DIV expr
   57     | expr • '%' expr

    $default  reduce usando la regla 55 (expr)


Estado 67

   52 expr: expr • '+' expr
   53     | expr • '-' expr
   54     | expr • '*' expr
   55     | expr • '/' expr
   56     | expr • DIV expr
   57     | expr • '%' expr
   57     | expr '%' expr •

    $default  reduce usando la regla 57 (expr)


Estado 68

    8 definicion: TIPO IDENTIFICADORMINUSCULA ASIGNACION expr PUNTOYCOMA • $@2 saltoOpcional

    $default  reduce usando la regla 7 ($@2)

    $@2  ir al estado 75


Estado 69

   46 salto: salto • SALTOLINEA
   48 saltoOpcional: salto •

    SALTOLINEA  desplazar e ir al estado 13

    $default  reduce usando la regla 48 (saltoOpcional)


Estado 70

   10 definicion: TIPO secuencia_de_Identificadores PUNTOYCOMA $@3 saltoOpcional •

    $default  reduce usando la regla 10 (definicion)


Estado 71

   20 definicion_recuadro: IDENTIFICADORMAYUSCULA IGUAL '<' expr • COMA expr COMA COLOR '>' $@6 salto
   52 expr: expr • '+' expr
   53     | expr • '-' expr
   54     | expr • '*' expr
   55     | expr • '/' expr
   56     | expr • DIV expr
   57     | expr • '%' expr

    DIV   desplazar e ir al estado 46
    COMA  desplazar e ir al estado 76
    '+'   desplazar e ir al estado 48
    '-'   desplazar e ir al estado 49
    '*'   desplazar e ir al estado 50
    '/'   desplazar e ir al estado 51
    '%'   desplazar e ir al estado 52


Estado 72

   24 inic_definicion_linea: inic_definicion_linea IDENTIFICADORMAYUSCULA IGUAL '<' • expr COMA ORIENTACION COMA COLOR '>' salto

    IDENTIFICADORMINUSCULA  desplazar e ir al estado 32
    ENTERO                  desplazar e ir al estado 33
    REAL                    desplazar e ir al estado 34
    '-'                     desplazar e ir al estado 35
    '('                     desplazar e ir al estado 36

    expr  ir al estado 77


Estado 73

   29 creacion_cuadros_nombre: CUADRO CADENA $@8 ':' salto • inic_acciones_cuadros FINCUADRO salto
   46 salto: salto • SALTOLINEA

    PINTAR                  desplazar e ir al estado 78
    MENSAJE                 desplazar e ir al estado 79
    PAUSA                   desplazar e ir al estado 80
    SALTOLINEA              desplazar e ir al estado 13
    SI                      desplazar e ir al estado 81
    IDENTIFICADORMINUSCULA  desplazar e ir al estado 82

    $default  reduce usando la regla 30 (inic_acciones_cuadros)

    inic_acciones_cuadros  ir al estado 83
    acciones_cuadros       ir al estado 84
    condicional            ir al estado 85


Estado 74

   12 definicion: IDENTIFICADORMINUSCULA ASIGNACION expr PUNTOYCOMA $@4 saltoOpcional •

    $default  reduce usando la regla 12 (definicion)


Estado 75

    8 definicion: TIPO IDENTIFICADORMINUSCULA ASIGNACION expr PUNTOYCOMA $@2 • saltoOpcional

    SALTOLINEA  desplazar e ir al estado 8

    $default  reduce usando la regla 47 (saltoOpcional)

    salto          ir al estado 69
    saltoOpcional  ir al estado 86


Estado 76

   20 definicion_recuadro: IDENTIFICADORMAYUSCULA IGUAL '<' expr COMA • expr COMA COLOR '>' $@6 salto

    IDENTIFICADORMINUSCULA  desplazar e ir al estado 32
    ENTERO                  desplazar e ir al estado 33
    REAL                    desplazar e ir al estado 34
    '-'                     desplazar e ir al estado 35
    '('                     desplazar e ir al estado 36

    expr  ir al estado 87


Estado 77

   24 inic_definicion_linea: inic_definicion_linea IDENTIFICADORMAYUSCULA IGUAL '<' expr • COMA ORIENTACION COMA COLOR '>' salto
   52 expr: expr • '+' expr
   53     | expr • '-' expr
   54     | expr • '*' expr
   55     | expr • '/' expr
   56     | expr • DIV expr
   57     | expr • '%' expr

    DIV   desplazar e ir al estado 46
    COMA  desplazar e ir al estado 88
    '+'   desplazar e ir al estado 48
    '-'   desplazar e ir al estado 49
    '*'   desplazar e ir al estado 50
    '/'   desplazar e ir al estado 51
    '%'   desplazar e ir al estado 52


Estado 78

   33 acciones_cuadros: PINTAR • '(' IDENTIFICADORMAYUSCULA COMA expr COMA expr ')' $@9 salto
   35                 | PINTAR • '(' IDENTIFICADORMAYUSCULA COMA expr ')' $@10 salto

    '('  desplazar e ir al estado 89


Estado 79

   41 acciones_cuadros: MENSAJE • '(' CADENA ')' $@13 salto

    '('  desplazar e ir al estado 90


Estado 80

   37 acciones_cuadros: PAUSA • '(' expr ')' $@11 salto

    '('  desplazar e ir al estado 91


Estado 81

   43 condicional: SI • '(' logica ')' '{' acciones_cuadros '}'
   44            | SI • '(' logica ')' '{' acciones_cuadros '}' SINO '{' acciones_cuadros '}'

    '('  desplazar e ir al estado 92


Estado 82

   39 acciones_cuadros: IDENTIFICADORMINUSCULA • ASIGNACION expr $@12 salto

    ASIGNACION  desplazar e ir al estado 93


Estado 83

   29 creacion_cuadros_nombre: CUADRO CADENA $@8 ':' salto inic_acciones_cuadros • FINCUADRO salto

    FINCUADRO  desplazar e ir al estado 94


Estado 84

   31 inic_acciones_cuadros: acciones_cuadros • inic_acciones_cuadros

    PINTAR                  desplazar e ir al estado 78
    MENSAJE                 desplazar e ir al estado 79
    PAUSA                   desplazar e ir al estado 80
    SI                      desplazar e ir al estado 81
    IDENTIFICADORMINUSCULA  desplazar e ir al estado 82

    $default  reduce usando la regla 30 (inic_acciones_cuadros)

    inic_acciones_cuadros  ir al estado 95
    acciones_cuadros       ir al estado 84
    condicional            ir al estado 85


Estado 85

   42 acciones_cuadros: condicional • saltoOpcional

    SALTOLINEA  desplazar e ir al estado 8

    $default  reduce usando la regla 47 (saltoOpcional)

    salto          ir al estado 69
    saltoOpcional  ir al estado 96


Estado 86

    8 definicion: TIPO IDENTIFICADORMINUSCULA ASIGNACION expr PUNTOYCOMA $@2 saltoOpcional •

    $default  reduce usando la regla 8 (definicion)


Estado 87

   20 definicion_recuadro: IDENTIFICADORMAYUSCULA IGUAL '<' expr COMA expr • COMA COLOR '>' $@6 salto
   52 expr: expr • '+' expr
   53     | expr • '-' expr
   54     | expr • '*' expr
   55     | expr • '/' expr
   56     | expr • DIV expr
   57     | expr • '%' expr

    DIV   desplazar e ir al estado 46
    COMA  desplazar e ir al estado 97
    '+'   desplazar e ir al estado 48
    '-'   desplazar e ir al estado 49
    '*'   desplazar e ir al estado 50
    '/'   desplazar e ir al estado 51
    '%'   desplazar e ir al estado 52


Estado 88

   24 inic_definicion_linea: inic_definicion_linea IDENTIFICADORMAYUSCULA IGUAL '<' expr COMA • ORIENTACION COMA COLOR '>' salto

    ORIENTACION  desplazar e ir al estado 98


Estado 89

   33 acciones_cuadros: PINTAR '(' • IDENTIFICADORMAYUSCULA COMA expr COMA expr ')' $@9 salto
   35                 | PINTAR '(' • IDENTIFICADORMAYUSCULA COMA expr ')' $@10 salto

    IDENTIFICADORMAYUSCULA  desplazar e ir al estado 99


Estado 90

   41 acciones_cuadros: MENSAJE '(' • CADENA ')' $@13 salto

    CADENA  desplazar e ir al estado 100


Estado 91

   37 acciones_cuadros: PAUSA '(' • expr ')' $@11 salto

    IDENTIFICADORMINUSCULA  desplazar e ir al estado 32
    ENTERO                  desplazar e ir al estado 33
    REAL                    desplazar e ir al estado 34
    '-'                     desplazar e ir al estado 35
    '('                     desplazar e ir al estado 36

    expr  ir al estado 101


Estado 92

   43 condicional: SI '(' • logica ')' '{' acciones_cuadros '}'
   44            | SI '(' • logica ')' '{' acciones_cuadros '}' SINO '{' acciones_cuadros '}'

    IDENTIFICADORMINUSCULA  desplazar e ir al estado 32
    ENTERO                  desplazar e ir al estado 33
    REAL                    desplazar e ir al estado 34
    BOOL                    desplazar e ir al estado 102
    '-'                     desplazar e ir al estado 35
    NOT                     desplazar e ir al estado 103
    '('                     desplazar e ir al estado 104

    expr    ir al estado 105
    logica  ir al estado 106


Estado 93

   39 acciones_cuadros: IDENTIFICADORMINUSCULA ASIGNACION • expr $@12 salto

    IDENTIFICADORMINUSCULA  desplazar e ir al estado 32
    ENTERO                  desplazar e ir al estado 33
    REAL                    desplazar e ir al estado 34
    '-'                     desplazar e ir al estado 35
    '('                     desplazar e ir al estado 36

    expr  ir al estado 107


Estado 94

   29 creacion_cuadros_nombre: CUADRO CADENA $@8 ':' salto inic_acciones_cuadros FINCUADRO • salto

    SALTOLINEA  desplazar e ir al estado 8

    salto  ir al estado 108


Estado 95

   31 inic_acciones_cuadros: acciones_cuadros inic_acciones_cuadros •

    $default  reduce usando la regla 31 (inic_acciones_cuadros)


Estado 96

   42 acciones_cuadros: condicional saltoOpcional •

    $default  reduce usando la regla 42 (acciones_cuadros)


Estado 97

   20 definicion_recuadro: IDENTIFICADORMAYUSCULA IGUAL '<' expr COMA expr COMA • COLOR '>' $@6 salto

    COLOR  desplazar e ir al estado 109


Estado 98

   24 inic_definicion_linea: inic_definicion_linea IDENTIFICADORMAYUSCULA IGUAL '<' expr COMA ORIENTACION • COMA COLOR '>' salto

    COMA  desplazar e ir al estado 110


Estado 99

   33 acciones_cuadros: PINTAR '(' IDENTIFICADORMAYUSCULA • COMA expr COMA expr ')' $@9 salto
   35                 | PINTAR '(' IDENTIFICADORMAYUSCULA • COMA expr ')' $@10 salto

    COMA  desplazar e ir al estado 111


Estado 100

   41 acciones_cuadros: MENSAJE '(' CADENA • ')' $@13 salto

    ')'  desplazar e ir al estado 112


Estado 101

   37 acciones_cuadros: PAUSA '(' expr • ')' $@11 salto
   52 expr: expr • '+' expr
   53     | expr • '-' expr
   54     | expr • '*' expr
   55     | expr • '/' expr
   56     | expr • DIV expr
   57     | expr • '%' expr

    DIV  desplazar e ir al estado 46
    '+'  desplazar e ir al estado 48
    '-'  desplazar e ir al estado 49
    '*'  desplazar e ir al estado 50
    '/'  desplazar e ir al estado 51
    '%'  desplazar e ir al estado 52
    ')'  desplazar e ir al estado 113


Estado 102

   60 logica: BOOL •

    $default  reduce usando la regla 60 (logica)


Estado 103

   63 logica: NOT • logica

    IDENTIFICADORMINUSCULA  desplazar e ir al estado 32
    ENTERO                  desplazar e ir al estado 33
    REAL                    desplazar e ir al estado 34
    BOOL                    desplazar e ir al estado 102
    '-'                     desplazar e ir al estado 35
    NOT                     desplazar e ir al estado 103
    '('                     desplazar e ir al estado 104

    expr    ir al estado 105
    logica  ir al estado 114


Estado 104

   59 expr: '(' • expr ')'
   72 logica: '(' • logica ')'

    IDENTIFICADORMINUSCULA  desplazar e ir al estado 32
    ENTERO                  desplazar e ir al estado 33
    REAL                    desplazar e ir al estado 34
    BOOL                    desplazar e ir al estado 102
    '-'                     desplazar e ir al estado 35
    NOT                     desplazar e ir al estado 103
    '('                     desplazar e ir al estado 104

    expr    ir al estado 115
    logica  ir al estado 116


Estado 105

   52 expr: expr • '+' expr
   53     | expr • '-' expr
   54     | expr • '*' expr
   55     | expr • '/' expr
   56     | expr • DIV expr
   57     | expr • '%' expr
   64 logica: expr • DISTINTO expr
   66       | expr • IGUAL expr
   68       | expr • MENORIGUAL expr
   69       | expr • MAYOR expr
   70       | expr • MAYORIGUAL expr
   71       | expr • MENOR expr

    IGUAL       desplazar e ir al estado 117
    DIV         desplazar e ir al estado 46
    DISTINTO    desplazar e ir al estado 118
    MENOR       desplazar e ir al estado 119
    MENORIGUAL  desplazar e ir al estado 120
    MAYORIGUAL  desplazar e ir al estado 121
    MAYOR       desplazar e ir al estado 122
    '+'         desplazar e ir al estado 48
    '-'         desplazar e ir al estado 49
    '*'         desplazar e ir al estado 50
    '/'         desplazar e ir al estado 51
    '%'         desplazar e ir al estado 52


Estado 106

   43 condicional: SI '(' logica • ')' '{' acciones_cuadros '}'
   44            | SI '(' logica • ')' '{' acciones_cuadros '}' SINO '{' acciones_cuadros '}'
   61 logica: logica • AND logica
   62       | logica • OR logica
   65       | logica • DISTINTO logica
   67       | logica • IGUAL logica

    IGUAL     desplazar e ir al estado 123
    OR        desplazar e ir al estado 124
    AND       desplazar e ir al estado 125
    DISTINTO  desplazar e ir al estado 126
    ')'       desplazar e ir al estado 127


Estado 107

   39 acciones_cuadros: IDENTIFICADORMINUSCULA ASIGNACION expr • $@12 salto
   52 expr: expr • '+' expr
   53     | expr • '-' expr
   54     | expr • '*' expr
   55     | expr • '/' expr
   56     | expr • DIV expr
   57     | expr • '%' expr

    DIV  desplazar e ir al estado 46
    '+'  desplazar e ir al estado 48
    '-'  desplazar e ir al estado 49
    '*'  desplazar e ir al estado 50
    '/'  desplazar e ir al estado 51
    '%'  desplazar e ir al estado 52

    $default  reduce usando la regla 38 ($@12)

    $@12  ir al estado 128


Estado 108

   29 creacion_cuadros_nombre: CUADRO CADENA $@8 ':' salto inic_acciones_cuadros FINCUADRO salto •
   46 salto: salto • SALTOLINEA

    SALTOLINEA  desplazar e ir al estado 13

    $default  reduce usando la regla 29 (creacion_cuadros_nombre)


Estado 109

   20 definicion_recuadro: IDENTIFICADORMAYUSCULA IGUAL '<' expr COMA expr COMA COLOR • '>' $@6 salto

    '>'  desplazar e ir al estado 129


Estado 110

   24 inic_definicion_linea: inic_definicion_linea IDENTIFICADORMAYUSCULA IGUAL '<' expr COMA ORIENTACION COMA • COLOR '>' salto

    COLOR  desplazar e ir al estado 130


Estado 111

   33 acciones_cuadros: PINTAR '(' IDENTIFICADORMAYUSCULA COMA • expr COMA expr ')' $@9 salto
   35                 | PINTAR '(' IDENTIFICADORMAYUSCULA COMA • expr ')' $@10 salto

    IDENTIFICADORMINUSCULA  desplazar e ir al estado 32
    ENTERO                  desplazar e ir al estado 33
    REAL                    desplazar e ir al estado 34
    '-'                     desplazar e ir al estado 35
    '('                     desplazar e ir al estado 36

    expr  ir al estado 131


Estado 112

   41 acciones_cuadros: MENSAJE '(' CADENA ')' • $@13 salto

    $default  reduce usando la regla 40 ($@13)

    $@13  ir al estado 132


Estado 113

   37 acciones_cuadros: PAUSA '(' expr ')' • $@11 salto

    $default  reduce usando la regla 36 ($@11)

    $@11  ir al estado 133


Estado 114

   61 logica: logica • AND logica
   62       | logica • OR logica
   63       | NOT logica •
   65       | logica • DISTINTO logica
   67       | logica • IGUAL logica

    $default  reduce usando la regla 63 (logica)


Estado 115

   52 expr: expr • '+' expr
   53     | expr • '-' expr
   54     | expr • '*' expr
   55     | expr • '/' expr
   56     | expr • DIV expr
   57     | expr • '%' expr
   59     | '(' expr • ')'
   64 logica: expr • DISTINTO expr
   66       | expr • IGUAL expr
   68       | expr • MENORIGUAL expr
   69       | expr • MAYOR expr
   70       | expr • MAYORIGUAL expr
   71       | expr • MENOR expr

    IGUAL       desplazar e ir al estado 117
    DIV         desplazar e ir al estado 46
    DISTINTO    desplazar e ir al estado 118
    MENOR       desplazar e ir al estado 119
    MENORIGUAL  desplazar e ir al estado 120
    MAYORIGUAL  desplazar e ir al estado 121
    MAYOR       desplazar e ir al estado 122
    '+'         desplazar e ir al estado 48
    '-'         desplazar e ir al estado 49
    '*'         desplazar e ir al estado 50
    '/'         desplazar e ir al estado 51
    '%'         desplazar e ir al estado 52
    ')'         desplazar e ir al estado 60


Estado 116

   61 logica: logica • AND logica
   62       | logica • OR logica
   65       | logica • DISTINTO logica
   67       | logica • IGUAL logica
   72       | '(' logica • ')'

    IGUAL     desplazar e ir al estado 123
    OR        desplazar e ir al estado 124
    AND       desplazar e ir al estado 125
    DISTINTO  desplazar e ir al estado 126
    ')'       desplazar e ir al estado 134


Estado 117

   66 logica: expr IGUAL • expr

    IDENTIFICADORMINUSCULA  desplazar e ir al estado 32
    ENTERO                  desplazar e ir al estado 33
    REAL                    desplazar e ir al estado 34
    '-'                     desplazar e ir al estado 35
    '('                     desplazar e ir al estado 36

    expr  ir al estado 135


Estado 118

   64 logica: expr DISTINTO • expr

    IDENTIFICADORMINUSCULA  desplazar e ir al estado 32
    ENTERO                  desplazar e ir al estado 33
    REAL                    desplazar e ir al estado 34
    '-'                     desplazar e ir al estado 35
    '('                     desplazar e ir al estado 36

    expr  ir al estado 136


Estado 119

   71 logica: expr MENOR • expr

    IDENTIFICADORMINUSCULA  desplazar e ir al estado 32
    ENTERO                  desplazar e ir al estado 33
    REAL                    desplazar e ir al estado 34
    '-'                     desplazar e ir al estado 35
    '('                     desplazar e ir al estado 36

    expr  ir al estado 137


Estado 120

   68 logica: expr MENORIGUAL • expr

    IDENTIFICADORMINUSCULA  desplazar e ir al estado 32
    ENTERO                  desplazar e ir al estado 33
    REAL                    desplazar e ir al estado 34
    '-'                     desplazar e ir al estado 35
    '('                     desplazar e ir al estado 36

    expr  ir al estado 138


Estado 121

   70 logica: expr MAYORIGUAL • expr

    IDENTIFICADORMINUSCULA  desplazar e ir al estado 32
    ENTERO                  desplazar e ir al estado 33
    REAL                    desplazar e ir al estado 34
    '-'                     desplazar e ir al estado 35
    '('                     desplazar e ir al estado 36

    expr  ir al estado 139


Estado 122

   69 logica: expr MAYOR • expr

    IDENTIFICADORMINUSCULA  desplazar e ir al estado 32
    ENTERO                  desplazar e ir al estado 33
    REAL                    desplazar e ir al estado 34
    '-'                     desplazar e ir al estado 35
    '('                     desplazar e ir al estado 36

    expr  ir al estado 140


Estado 123

   67 logica: logica IGUAL • logica

    IDENTIFICADORMINUSCULA  desplazar e ir al estado 32
    ENTERO                  desplazar e ir al estado 33
    REAL                    desplazar e ir al estado 34
    BOOL                    desplazar e ir al estado 102
    '-'                     desplazar e ir al estado 35
    NOT                     desplazar e ir al estado 103
    '('                     desplazar e ir al estado 104

    expr    ir al estado 105
    logica  ir al estado 141


Estado 124

   62 logica: logica OR • logica

    IDENTIFICADORMINUSCULA  desplazar e ir al estado 32
    ENTERO                  desplazar e ir al estado 33
    REAL                    desplazar e ir al estado 34
    BOOL                    desplazar e ir al estado 102
    '-'                     desplazar e ir al estado 35
    NOT                     desplazar e ir al estado 103
    '('                     desplazar e ir al estado 104

    expr    ir al estado 105
    logica  ir al estado 142


Estado 125

   61 logica: logica AND • logica

    IDENTIFICADORMINUSCULA  desplazar e ir al estado 32
    ENTERO                  desplazar e ir al estado 33
    REAL                    desplazar e ir al estado 34
    BOOL                    desplazar e ir al estado 102
    '-'                     desplazar e ir al estado 35
    NOT                     desplazar e ir al estado 103
    '('                     desplazar e ir al estado 104

    expr    ir al estado 105
    logica  ir al estado 143


Estado 126

   65 logica: logica DISTINTO • logica

    IDENTIFICADORMINUSCULA  desplazar e ir al estado 32
    ENTERO                  desplazar e ir al estado 33
    REAL                    desplazar e ir al estado 34
    BOOL                    desplazar e ir al estado 102
    '-'                     desplazar e ir al estado 35
    NOT                     desplazar e ir al estado 103
    '('                     desplazar e ir al estado 104

    expr    ir al estado 105
    logica  ir al estado 144


Estado 127

   43 condicional: SI '(' logica ')' • '{' acciones_cuadros '}'
   44            | SI '(' logica ')' • '{' acciones_cuadros '}' SINO '{' acciones_cuadros '}'

    '{'  desplazar e ir al estado 145


Estado 128

   39 acciones_cuadros: IDENTIFICADORMINUSCULA ASIGNACION expr $@12 • salto

    SALTOLINEA  desplazar e ir al estado 8

    salto  ir al estado 146


Estado 129

   20 definicion_recuadro: IDENTIFICADORMAYUSCULA IGUAL '<' expr COMA expr COMA COLOR '>' • $@6 salto

    $default  reduce usando la regla 19 ($@6)

    $@6  ir al estado 147


Estado 130

   24 inic_definicion_linea: inic_definicion_linea IDENTIFICADORMAYUSCULA IGUAL '<' expr COMA ORIENTACION COMA COLOR • '>' salto

    '>'  desplazar e ir al estado 148


Estado 131

   33 acciones_cuadros: PINTAR '(' IDENTIFICADORMAYUSCULA COMA expr • COMA expr ')' $@9 salto
   35                 | PINTAR '(' IDENTIFICADORMAYUSCULA COMA expr • ')' $@10 salto
   52 expr: expr • '+' expr
   53     | expr • '-' expr
   54     | expr • '*' expr
   55     | expr • '/' expr
   56     | expr • DIV expr
   57     | expr • '%' expr

    DIV   desplazar e ir al estado 46
    COMA  desplazar e ir al estado 149
    '+'   desplazar e ir al estado 48
    '-'   desplazar e ir al estado 49
    '*'   desplazar e ir al estado 50
    '/'   desplazar e ir al estado 51
    '%'   desplazar e ir al estado 52
    ')'   desplazar e ir al estado 150


Estado 132

   41 acciones_cuadros: MENSAJE '(' CADENA ')' $@13 • salto

    SALTOLINEA  desplazar e ir al estado 8

    salto  ir al estado 151


Estado 133

   37 acciones_cuadros: PAUSA '(' expr ')' $@11 • salto

    SALTOLINEA  desplazar e ir al estado 8

    salto  ir al estado 152


Estado 134

   72 logica: '(' logica ')' •

    $default  reduce usando la regla 72 (logica)


Estado 135

   52 expr: expr • '+' expr
   53     | expr • '-' expr
   54     | expr • '*' expr
   55     | expr • '/' expr
   56     | expr • DIV expr
   57     | expr • '%' expr
   66 logica: expr IGUAL expr •

    DIV  desplazar e ir al estado 46
    '+'  desplazar e ir al estado 48
    '-'  desplazar e ir al estado 49
    '*'  desplazar e ir al estado 50
    '/'  desplazar e ir al estado 51
    '%'  desplazar e ir al estado 52

    $default  reduce usando la regla 66 (logica)


Estado 136

   52 expr: expr • '+' expr
   53     | expr • '-' expr
   54     | expr • '*' expr
   55     | expr • '/' expr
   56     | expr • DIV expr
   57     | expr • '%' expr
   64 logica: expr DISTINTO expr •

    DIV  desplazar e ir al estado 46
    '+'  desplazar e ir al estado 48
    '-'  desplazar e ir al estado 49
    '*'  desplazar e ir al estado 50
    '/'  desplazar e ir al estado 51
    '%'  desplazar e ir al estado 52

    $default  reduce usando la regla 64 (logica)


Estado 137

   52 expr: expr • '+' expr
   53     | expr • '-' expr
   54     | expr • '*' expr
   55     | expr • '/' expr
   56     | expr • DIV expr
   57     | expr • '%' expr
   71 logica: expr MENOR expr •

    DIV  desplazar e ir al estado 46
    '+'  desplazar e ir al estado 48
    '-'  desplazar e ir al estado 49
    '*'  desplazar e ir al estado 50
    '/'  desplazar e ir al estado 51
    '%'  desplazar e ir al estado 52

    $default  reduce usando la regla 71 (logica)


Estado 138

   52 expr: expr • '+' expr
   53     | expr • '-' expr
   54     | expr • '*' expr
   55     | expr • '/' expr
   56     | expr • DIV expr
   57     | expr • '%' expr
   68 logica: expr MENORIGUAL expr •

    DIV  desplazar e ir al estado 46
    '+'  desplazar e ir al estado 48
    '-'  desplazar e ir al estado 49
    '*'  desplazar e ir al estado 50
    '/'  desplazar e ir al estado 51
    '%'  desplazar e ir al estado 52

    $default  reduce usando la regla 68 (logica)


Estado 139

   52 expr: expr • '+' expr
   53     | expr • '-' expr
   54     | expr • '*' expr
   55     | expr • '/' expr
   56     | expr • DIV expr
   57     | expr • '%' expr
   70 logica: expr MAYORIGUAL expr •

    DIV  desplazar e ir al estado 46
    '+'  desplazar e ir al estado 48
    '-'  desplazar e ir al estado 49
    '*'  desplazar e ir al estado 50
    '/'  desplazar e ir al estado 51
    '%'  desplazar e ir al estado 52

    $default  reduce usando la regla 70 (logica)


Estado 140

   52 expr: expr • '+' expr
   53     | expr • '-' expr
   54     | expr • '*' expr
   55     | expr • '/' expr
   56     | expr • DIV expr
   57     | expr • '%' expr
   69 logica: expr MAYOR expr •

    DIV  desplazar e ir al estado 46
    '+'  desplazar e ir al estado 48
    '-'  desplazar e ir al estado 49
    '*'  desplazar e ir al estado 50
    '/'  desplazar e ir al estado 51
    '%'  desplazar e ir al estado 52

    $default  reduce usando la regla 69 (logica)


Estado 141

   61 logica: logica • AND logica
   62       | logica • OR logica
   65       | logica • DISTINTO logica
   67       | logica • IGUAL logica
   67       | logica IGUAL logica •

    $default  reduce usando la regla 67 (logica)


Estado 142

   61 logica: logica • AND logica
   62       | logica • OR logica
   62       | logica OR logica •
   65       | logica • DISTINTO logica
   67       | logica • IGUAL logica

    IGUAL     desplazar e ir al estado 123
    AND       desplazar e ir al estado 125
    DISTINTO  desplazar e ir al estado 126

    $default  reduce usando la regla 62 (logica)


Estado 143

   61 logica: logica • AND logica
   61       | logica AND logica •
   62       | logica • OR logica
   65       | logica • DISTINTO logica
   67       | logica • IGUAL logica

    IGUAL     desplazar e ir al estado 123
    DISTINTO  desplazar e ir al estado 126

    $default  reduce usando la regla 61 (logica)


Estado 144

   61 logica: logica • AND logica
   62       | logica • OR logica
   65       | logica • DISTINTO logica
   65       | logica DISTINTO logica •
   67       | logica • IGUAL logica

    $default  reduce usando la regla 65 (logica)


Estado 145

   43 condicional: SI '(' logica ')' '{' • acciones_cuadros '}'
   44            | SI '(' logica ')' '{' • acciones_cuadros '}' SINO '{' acciones_cuadros '}'

    PINTAR                  desplazar e ir al estado 78
    MENSAJE                 desplazar e ir al estado 79
    PAUSA                   desplazar e ir al estado 80
    SI                      desplazar e ir al estado 81
    IDENTIFICADORMINUSCULA  desplazar e ir al estado 82

    acciones_cuadros  ir al estado 153
    condicional       ir al estado 85


Estado 146

   39 acciones_cuadros: IDENTIFICADORMINUSCULA ASIGNACION expr $@12 salto •
   46 salto: salto • SALTOLINEA

    SALTOLINEA  desplazar e ir al estado 13

    $default  reduce usando la regla 39 (acciones_cuadros)


Estado 147

   20 definicion_recuadro: IDENTIFICADORMAYUSCULA IGUAL '<' expr COMA expr COMA COLOR '>' $@6 • salto

    SALTOLINEA  desplazar e ir al estado 8

    salto  ir al estado 154


Estado 148

   24 inic_definicion_linea: inic_definicion_linea IDENTIFICADORMAYUSCULA IGUAL '<' expr COMA ORIENTACION COMA COLOR '>' • salto

    SALTOLINEA  desplazar e ir al estado 8

    salto  ir al estado 155


Estado 149

   33 acciones_cuadros: PINTAR '(' IDENTIFICADORMAYUSCULA COMA expr COMA • expr ')' $@9 salto

    IDENTIFICADORMINUSCULA  desplazar e ir al estado 32
    ENTERO                  desplazar e ir al estado 33
    REAL                    desplazar e ir al estado 34
    '-'                     desplazar e ir al estado 35
    '('                     desplazar e ir al estado 36

    expr  ir al estado 156


Estado 150

   35 acciones_cuadros: PINTAR '(' IDENTIFICADORMAYUSCULA COMA expr ')' • $@10 salto

    $default  reduce usando la regla 34 ($@10)

    $@10  ir al estado 157


Estado 151

   41 acciones_cuadros: MENSAJE '(' CADENA ')' $@13 salto •
   46 salto: salto • SALTOLINEA

    SALTOLINEA  desplazar e ir al estado 13

    $default  reduce usando la regla 41 (acciones_cuadros)


Estado 152

   37 acciones_cuadros: PAUSA '(' expr ')' $@11 salto •
   46 salto: salto • SALTOLINEA

    SALTOLINEA  desplazar e ir al estado 13

    $default  reduce usando la regla 37 (acciones_cuadros)


Estado 153

   43 condicional: SI '(' logica ')' '{' acciones_cuadros • '}'
   44            | SI '(' logica ')' '{' acciones_cuadros • '}' SINO '{' acciones_cuadros '}'

    '}'  desplazar e ir al estado 158


Estado 154

   20 definicion_recuadro: IDENTIFICADORMAYUSCULA IGUAL '<' expr COMA expr COMA COLOR '>' $@6 salto •
   46 salto: salto • SALTOLINEA

    SALTOLINEA  desplazar e ir al estado 13

    $default  reduce usando la regla 20 (definicion_recuadro)


Estado 155

   24 inic_definicion_linea: inic_definicion_linea IDENTIFICADORMAYUSCULA IGUAL '<' expr COMA ORIENTACION COMA COLOR '>' salto •
   46 salto: salto • SALTOLINEA

    SALTOLINEA  desplazar e ir al estado 13

    $default  reduce usando la regla 24 (inic_definicion_linea)


Estado 156

   33 acciones_cuadros: PINTAR '(' IDENTIFICADORMAYUSCULA COMA expr COMA expr • ')' $@9 salto
   52 expr: expr • '+' expr
   53     | expr • '-' expr
   54     | expr • '*' expr
   55     | expr • '/' expr
   56     | expr • DIV expr
   57     | expr • '%' expr

    DIV  desplazar e ir al estado 46
    '+'  desplazar e ir al estado 48
    '-'  desplazar e ir al estado 49
    '*'  desplazar e ir al estado 50
    '/'  desplazar e ir al estado 51
    '%'  desplazar e ir al estado 52
    ')'  desplazar e ir al estado 159


Estado 157

   35 acciones_cuadros: PINTAR '(' IDENTIFICADORMAYUSCULA COMA expr ')' $@10 • salto

    SALTOLINEA  desplazar e ir al estado 8

    salto  ir al estado 160


Estado 158

   43 condicional: SI '(' logica ')' '{' acciones_cuadros '}' •
   44            | SI '(' logica ')' '{' acciones_cuadros '}' • SINO '{' acciones_cuadros '}'

    SINO  desplazar e ir al estado 161

    $default  reduce usando la regla 43 (condicional)


Estado 159

   33 acciones_cuadros: PINTAR '(' IDENTIFICADORMAYUSCULA COMA expr COMA expr ')' • $@9 salto

    $default  reduce usando la regla 32 ($@9)

    $@9  ir al estado 162


Estado 160

   35 acciones_cuadros: PINTAR '(' IDENTIFICADORMAYUSCULA COMA expr ')' $@10 salto •
   46 salto: salto • SALTOLINEA

    SALTOLINEA  desplazar e ir al estado 13

    $default  reduce usando la regla 35 (acciones_cuadros)


Estado 161

   44 condicional: SI '(' logica ')' '{' acciones_cuadros '}' SINO • '{' acciones_cuadros '}'

    '{'  desplazar e ir al estado 163


Estado 162

   33 acciones_cuadros: PINTAR '(' IDENTIFICADORMAYUSCULA COMA expr COMA expr ')' $@9 • salto

    SALTOLINEA  desplazar e ir al estado 8

    salto  ir al estado 164


Estado 163

   44 condicional: SI '(' logica ')' '{' acciones_cuadros '}' SINO '{' • acciones_cuadros '}'

    PINTAR                  desplazar e ir al estado 78
    MENSAJE                 desplazar e ir al estado 79
    PAUSA                   desplazar e ir al estado 80
    SI                      desplazar e ir al estado 81
    IDENTIFICADORMINUSCULA  desplazar e ir al estado 82

    acciones_cuadros  ir al estado 165
    condicional       ir al estado 85


Estado 164

   33 acciones_cuadros: PINTAR '(' IDENTIFICADORMAYUSCULA COMA expr COMA expr ')' $@9 salto •
   46 salto: salto • SALTOLINEA

    SALTOLINEA  desplazar e ir al estado 13

    $default  reduce usando la regla 33 (acciones_cuadros)


Estado 165

   44 condicional: SI '(' logica ')' '{' acciones_cuadros '}' SINO '{' acciones_cuadros • '}'

    '}'  desplazar e ir al estado 166


Estado 166

   44 condicional: SI '(' logica ')' '{' acciones_cuadros '}' SINO '{' acciones_cuadros '}' •

    $default  reduce usando la regla 44 (condicional)
